<?xml version="1.0" encoding="UTF-8"?>
<testng-results skipped="0" failed="0" total="2" passed="2">
  <reporter-output>
  </reporter-output>
  <suite name="Suite1" duration-ms="21109" started-at="2017-07-13T01:18:51Z" finished-at="2017-07-13T01:19:12Z">
    <groups>
    </groups>
    <test name="Some interest test" duration-ms="21109" started-at="2017-07-13T01:18:51Z" finished-at="2017-07-13T01:19:12Z">
      <class name="test.java.googleTest.GoogleTests">
        <test-method status="PASS" signature="setupDriver()[pri:0, instance:test.java.googleTest.GoogleTests@3d24753a]" name="setupDriver" is-config="true" duration-ms="10969" started-at="2017-07-13T04:18:51Z" finished-at="2017-07-13T04:19:02Z">
          <reporter-output>
          </reporter-output>
        </test-method> <!-- setupDriver -->
        <test-method status="PASS" signature="clickFirstLinkCheckTitle(java.lang.String, java.lang.String)[pri:0, instance:test.java.googleTest.GoogleTests@3d24753a]" name="clickFirstLinkCheckTitle" duration-ms="5322" started-at="2017-07-13T04:19:02Z" data-provider="clickFirstLinkCheckTitleData" finished-at="2017-07-13T04:19:07Z">
          <params>
            <param index="0">
              <value>
                <![CDATA[https://google.com/ncr]]>
              </value>
            </param>
            <param index="1">
              <value>
                <![CDATA[automation]]>
              </value>
            </param>
          </params>
          <reporter-output>
          </reporter-output>
        </test-method> <!-- clickFirstLinkCheckTitle -->
        <test-method status="PASS" signature="clickFirstLinkCheckTitle(java.lang.String, java.lang.String)[pri:0, instance:test.java.googleTest.GoogleTests@3d24753a]" name="clickFirstLinkCheckTitle" duration-ms="2735" started-at="2017-07-13T04:19:07Z" data-provider="clickFirstLinkCheckTitleData" finished-at="2017-07-13T04:19:10Z">
          <params>
            <param index="0">
              <value>
                <![CDATA[https://google.com/ncr]]>
              </value>
            </param>
            <param index="1">
              <value>
                <![CDATA[selenium]]>
              </value>
            </param>
          </params>
          <reporter-output>
          </reporter-output>
        </test-method> <!-- clickFirstLinkCheckTitle -->
        <test-method status="PASS" signature="tearDown()[pri:0, instance:test.java.googleTest.GoogleTests@3d24753a]" name="tearDown" is-config="true" duration-ms="2061" started-at="2017-07-13T04:19:10Z" finished-at="2017-07-13T04:19:12Z">
          <reporter-output>
          </reporter-output>
        </test-method> <!-- tearDown -->
      </class> <!-- test.java.googleTest.GoogleTests -->
    </test> <!-- Some interest test -->
  </suite> <!-- Suite1 -->
</testng-results>
